<?xml version="1.0" encoding="UTF-8" ?>
<testsuite tests="2" failures="1" name="TestBrowser" time="1.043" errors="0" skipped="1">
  <properties>
[...]
</properties>
  <testcase classname="TestBrowser" name="initialUrlTest" time="1.043">
    <failure message="The path to the driver executable must be set by the webdriver.chrome.driver system property; for more information, see https://github.com/SeleniumHQ/selenium/wiki/ChromeDriver. The latest version can be downloaded from http://chromedriver.storage.googleapis.com/index.html" type="java.lang.IllegalStateException">java.lang.IllegalStateException: The path to the driver executable must be set by the webdriver.chrome.driver system property; for more information, see https://github.com/SeleniumHQ/selenium/wiki/ChromeDriver. The latest version can be downloaded from http://chromedriver.storage.googleapis.com/index.html
	at com.google.common.base.Preconditions.checkState(Preconditions.java:847)
	at org.openqa.selenium.remote.service.DriverService.findExecutable(DriverService.java:134)
	at org.openqa.selenium.chrome.ChromeDriverService.access$000(ChromeDriverService.java:35)
	at org.openqa.selenium.chrome.ChromeDriverService$Builder.findDefaultExecutable(ChromeDriverService.java:159)
	at org.openqa.selenium.remote.service.DriverService$Builder.build(DriverService.java:355)
	at org.openqa.selenium.chrome.ChromeDriverService.createDefaultService(ChromeDriverService.java:94)
	at org.openqa.selenium.chrome.ChromeDriver.&lt;init&gt;(ChromeDriver.java:123)
	at Browser.loadBrowser(Browser.java:25)
	at TestBrowser.initialUrlTest(TestBrowser.java:15)
</failure>
    <system-out>Configuring TestNG with: org.apache.maven.surefire.testng.conf.TestNG652Configurator@3419866c
Initial Test Commencing: Opening Browswer and Loading Webpage...
</system-out>
  </testcase>
  <testcase classname="TestBrowser" name="loadBrowserTest" time="0">
    <skipped/>
  </testcase>
</testsuite>