<?xml version="1.0" encoding="UTF-8"?>
<testng-results skipped="0" failed="0" ignored="0" total="1" passed="1">
  <reporter-output>
  </reporter-output>
  <suite name="TestBrowser" duration-ms="15541" started-at="2020-01-15T23:40:29 PST" finished-at="2020-01-15T23:40:44 PST">
    <groups>
    </groups>
    <test name="Command line test" duration-ms="15541" started-at="2020-01-15T23:40:29 PST" finished-at="2020-01-15T23:40:44 PST">
      <class name="TestBrowser">
        <test-method status="PASS" signature="initialUrlTest()[pri:0, instance:TestBrowser@5b12b668]" name="initialUrlTest" is-config="true" duration-ms="9" started-at="2020-01-15T23:40:29 PST" finished-at="2020-01-15T23:40:29 PST">
          <reporter-output>
          </reporter-output>
        </test-method> <!-- initialUrlTest -->
        <test-method status="PASS" signature="loadBrowserTest()[pri:0, instance:TestBrowser@5b12b668]" name="loadBrowserTest" duration-ms="15508" started-at="2020-01-15T23:40:29 PST" finished-at="2020-01-15T23:40:44 PST">
          <reporter-output>
          </reporter-output>
        </test-method> <!-- loadBrowserTest -->
      </class> <!-- TestBrowser -->
    </test> <!-- Command line test -->
  </suite> <!-- TestBrowser -->
</testng-results>
